{
  "stats": {
    "suites": 1,
    "tests": 1,
    "passes": 1,
    "pending": 0,
    "failures": 0,
    "start": "2025-09-18T05:35:14.390Z",
    "end": "2025-09-18T05:35:35.941Z",
    "duration": 21551,
    "testsRegistered": 1,
    "passPercent": 100,
    "pendingPercent": 0,
    "other": 0,
    "hasOther": false,
    "skipped": 0,
    "hasSkipped": false
  },
  "results": [
    {
      "uuid": "f1eb846e-8673-4559-9ab7-8ebaf1f7225a",
      "title": "",
      "fullFile": "cypress\\e2e\\day3\\screenshot.cy.js",
      "file": "cypress\\e2e\\day3\\screenshot.cy.js",
      "beforeHooks": [],
      "afterHooks": [],
      "tests": [],
      "suites": [
        {
          "uuid": "bfcc4c42-221b-491d-8f98-152a5dd948b1",
          "title": "OrangeHRM Screenshot Examples",
          "fullFile": "",
          "file": "",
          "beforeHooks": [],
          "afterHooks": [],
          "tests": [
            {
              "title": "demonstrates screenshot capabilities",
              "fullTitle": "OrangeHRM Screenshot Examples demonstrates screenshot capabilities",
              "timedOut": null,
              "duration": 21446,
              "state": "passed",
              "speed": "slow",
              "pass": true,
              "fail": false,
              "pending": false,
              "context": null,
              "code": "cy.visit('/web/index.php/auth/login');\ncy.wait(4000);\ncy.screenshot('login-page');\ncy.get('.orangehrm-login-branding').screenshot('login-logo');\ncy.get('input[name=\"username\"]').type('Admin');\ncy.get('input[name=\"password\"]').type('admin123');\ncy.wait(4000);\ncy.screenshot('login-form-filled');\ncy.get('button[type=\"submit\"]').click();\ncy.url().should('include', '/dashboard');\ncy.wait(4000);\ncy.screenshot('dashboard-page');",
              "err": {},
              "uuid": "8e213585-c826-40b8-b9eb-b4078bfa845d",
              "parentUUID": "bfcc4c42-221b-491d-8f98-152a5dd948b1",
              "isHook": false,
              "skipped": false
            }
          ],
          "suites": [],
          "passes": [
            "8e213585-c826-40b8-b9eb-b4078bfa845d"
          ],
          "failures": [],
          "pending": [],
          "skipped": [],
          "duration": 21446,
          "root": false,
          "rootEmpty": false,
          "_timeout": 2000
        }
      ],
      "passes": [],
      "failures": [],
      "pending": [],
      "skipped": [],
      "duration": 0,
      "root": true,
      "rootEmpty": true,
      "_timeout": 2000
    }
  ],
  "meta": {
    "mocha": {
      "version": "7.2.0"
    },
    "mochawesome": {
      "options": {
        "quiet": false,
        "reportFilename": "mochawesome",
        "saveHtml": true,
        "saveJson": true,
        "consoleReporter": "spec",
        "useInlineDiffs": false,
        "code": true
      },
      "version": "7.1.4"
    },
    "marge": {
      "options": {
        "reportDir": "cypress/reports",
        "overwrite": false,
        "html": true,
        "json": true,
        "charts": true,
        "reportPageTitle": "OrangeHRM Test Report",
        "inlineAssets": true
      },
      "version": "6.3.0"
    }
  }
}